<?xml version="1.0" encoding="UTF-8"?>
<!-- Generated by org.testng.reporters.JUnitReportReporter -->
<testsuite hostname="DELL-PC" failures="0" tests="1" name="com.ecom.tests.SeleniumTestNgJenkins.ApplicationTest" time="13.816" errors="0" timestamp="2020-12-12T19:59:14 IST" skipped="0">
  <testcase classname="com.ecom.tests.SeleniumTestNgJenkins.ApplicationTest" name="testEasy" time="13.816"/>
  <system-out/>
</testsuite> <!-- com.ecom.tests.SeleniumTestNgJenkins.ApplicationTest -->
